2019-03-06 23:33:57 INFO  ebanking              URL is opened
2019-03-06 23:33:58 INFO  ebanking              User Name is entered
2019-03-06 23:33:58 INFO  ebanking              password is entered
2019-03-07 00:24:03 INFO  ebanking              URL is opened
2019-03-07 00:24:04 INFO  ebanking              User Name is entered
2019-03-07 00:24:04 INFO  ebanking              password is entered
2019-03-07 00:24:58 INFO  ebanking              URL is opened
2019-03-07 00:24:59 INFO  ebanking              User Name is entered
2019-03-07 00:24:59 INFO  ebanking              password is entered
2019-03-07 00:25:42 INFO  ebanking              URL is opened
2019-03-07 00:25:43 INFO  ebanking              User Name is entered
2019-03-07 00:25:43 INFO  ebanking              password is entered
2019-03-07 00:51:02 INFO  ebanking              URL is opened
2019-03-07 00:51:02 INFO  ebanking              User Name is entered
2019-03-07 00:51:02 INFO  ebanking              password is entered
2019-03-07 22:25:32 INFO  ebanking              URL is opened
2019-03-07 22:25:35 INFO  ebanking              User Name is entered
2019-03-07 22:25:35 INFO  ebanking              password is entered
2019-03-07 22:25:40 DEBUG freemarker.cache      Couldn't find template in cache for "index.ftl"("en", UTF-8, parsed); will try to load it.
2019-03-07 22:25:40 DEBUG freemarker.cache      TemplateLoader.findTemplateSource("index_en.ftl"): Not found
2019-03-07 22:25:40 DEBUG freemarker.cache      TemplateLoader.findTemplateSource("index.ftl"): Found
2019-03-07 22:25:40 DEBUG freemarker.cache      Loading template for "index.ftl"("en", UTF-8, parsed) from "jar:file:/C:/Users/Devdatt/.m2/repository/com/aventstack/extentreports/3.1.2/extentreports-3.1.2.jar!/com/aventstack/extentreports/view/html-report/index.ftl"
2019-03-07 22:25:41 DEBUG freemarker.cache      Couldn't find template in cache for "head.ftl"("en", UTF-8, parsed); will try to load it.
2019-03-07 22:25:41 DEBUG freemarker.cache      TemplateLoader.findTemplateSource("head_en.ftl"): Not found
2019-03-07 22:25:41 DEBUG freemarker.cache      TemplateLoader.findTemplateSource("head.ftl"): Found
2019-03-07 22:25:41 DEBUG freemarker.cache      Loading template for "head.ftl"("en", UTF-8, parsed) from "jar:file:/C:/Users/Devdatt/.m2/repository/com/aventstack/extentreports/3.1.2/extentreports-3.1.2.jar!/com/aventstack/extentreports/view/html-report/head.ftl"
2019-03-07 22:25:41 DEBUG freemarker.cache      Couldn't find template in cache for "nav.ftl"("en", UTF-8, parsed); will try to load it.
2019-03-07 22:25:41 DEBUG freemarker.cache      TemplateLoader.findTemplateSource("nav_en.ftl"): Not found
2019-03-07 22:25:41 DEBUG freemarker.cache      TemplateLoader.findTemplateSource("nav.ftl"): Found
2019-03-07 22:25:41 DEBUG freemarker.cache      Loading template for "nav.ftl"("en", UTF-8, parsed) from "jar:file:/C:/Users/Devdatt/.m2/repository/com/aventstack/extentreports/3.1.2/extentreports-3.1.2.jar!/com/aventstack/extentreports/view/html-report/nav.ftl"
2019-03-07 22:25:41 DEBUG freemarker.cache      Couldn't find template in cache for "test-view/test-view.ftl"("en", UTF-8, parsed); will try to load it.
2019-03-07 22:25:41 DEBUG freemarker.cache      TemplateLoader.findTemplateSource("test-view/test-view_en.ftl"): Not found
2019-03-07 22:25:41 DEBUG freemarker.cache      TemplateLoader.findTemplateSource("test-view/test-view.ftl"): Found
2019-03-07 22:25:41 DEBUG freemarker.cache      Loading template for "test-view/test-view.ftl"("en", UTF-8, parsed) from "jar:file:/C:/Users/Devdatt/.m2/repository/com/aventstack/extentreports/3.1.2/extentreports-3.1.2.jar!/com/aventstack/extentreports/view/html-report/test-view/test-view.ftl"
2019-03-07 22:25:41 DEBUG freemarker.cache      Couldn't find template in cache for "test-view/test-view-charts.ftl"("en", UTF-8, parsed); will try to load it.
2019-03-07 22:25:41 DEBUG freemarker.cache      TemplateLoader.findTemplateSource("test-view/test-view-charts_en.ftl"): Not found
2019-03-07 22:25:41 DEBUG freemarker.cache      TemplateLoader.findTemplateSource("test-view/test-view-charts.ftl"): Found
2019-03-07 22:25:41 DEBUG freemarker.cache      Loading template for "test-view/test-view-charts.ftl"("en", UTF-8, parsed) from "jar:file:/C:/Users/Devdatt/.m2/repository/com/aventstack/extentreports/3.1.2/extentreports-3.1.2.jar!/com/aventstack/extentreports/view/html-report/test-view/test-view-charts.ftl"
2019-03-07 22:25:41 DEBUG freemarker.cache      Couldn't find template in cache for "test-view/standard.ftl"("en", UTF-8, parsed); will try to load it.
2019-03-07 22:25:41 DEBUG freemarker.cache      TemplateLoader.findTemplateSource("test-view/standard_en.ftl"): Not found
2019-03-07 22:25:41 DEBUG freemarker.cache      TemplateLoader.findTemplateSource("test-view/standard.ftl"): Found
2019-03-07 22:25:41 DEBUG freemarker.cache      Loading template for "test-view/standard.ftl"("en", UTF-8, parsed) from "jar:file:/C:/Users/Devdatt/.m2/repository/com/aventstack/extentreports/3.1.2/extentreports-3.1.2.jar!/com/aventstack/extentreports/view/html-report/test-view/standard.ftl"
2019-03-07 22:25:41 DEBUG freemarker.cache      Couldn't find template in cache for "category-view/category-view.ftl"("en", UTF-8, parsed); will try to load it.
2019-03-07 22:25:41 DEBUG freemarker.cache      TemplateLoader.findTemplateSource("category-view/category-view_en.ftl"): Not found
2019-03-07 22:25:41 DEBUG freemarker.cache      TemplateLoader.findTemplateSource("category-view/category-view.ftl"): Found
2019-03-07 22:25:41 DEBUG freemarker.cache      Loading template for "category-view/category-view.ftl"("en", UTF-8, parsed) from "jar:file:/C:/Users/Devdatt/.m2/repository/com/aventstack/extentreports/3.1.2/extentreports-3.1.2.jar!/com/aventstack/extentreports/view/html-report/category-view/category-view.ftl"
2019-03-07 22:25:41 DEBUG freemarker.cache      Couldn't find template in cache for "author-view/author-view.ftl"("en", UTF-8, parsed); will try to load it.
2019-03-07 22:25:41 DEBUG freemarker.cache      TemplateLoader.findTemplateSource("author-view/author-view_en.ftl"): Not found
2019-03-07 22:25:41 DEBUG freemarker.cache      TemplateLoader.findTemplateSource("author-view/author-view.ftl"): Found
2019-03-07 22:25:41 DEBUG freemarker.cache      Loading template for "author-view/author-view.ftl"("en", UTF-8, parsed) from "jar:file:/C:/Users/Devdatt/.m2/repository/com/aventstack/extentreports/3.1.2/extentreports-3.1.2.jar!/com/aventstack/extentreports/view/html-report/author-view/author-view.ftl"
2019-03-07 22:25:41 DEBUG freemarker.cache      Couldn't find template in cache for "exception-view/exception-view.ftl"("en", UTF-8, parsed); will try to load it.
2019-03-07 22:25:41 DEBUG freemarker.cache      TemplateLoader.findTemplateSource("exception-view/exception-view_en.ftl"): Not found
2019-03-07 22:25:41 DEBUG freemarker.cache      TemplateLoader.findTemplateSource("exception-view/exception-view.ftl"): Found
2019-03-07 22:25:41 DEBUG freemarker.cache      Loading template for "exception-view/exception-view.ftl"("en", UTF-8, parsed) from "jar:file:/C:/Users/Devdatt/.m2/repository/com/aventstack/extentreports/3.1.2/extentreports-3.1.2.jar!/com/aventstack/extentreports/view/html-report/exception-view/exception-view.ftl"
2019-03-07 22:25:41 DEBUG freemarker.cache      Couldn't find template in cache for "dashboard-view/dashboard-view.ftl"("en", UTF-8, parsed); will try to load it.
2019-03-07 22:25:41 DEBUG freemarker.cache      TemplateLoader.findTemplateSource("dashboard-view/dashboard-view_en.ftl"): Not found
2019-03-07 22:25:41 DEBUG freemarker.cache      TemplateLoader.findTemplateSource("dashboard-view/dashboard-view.ftl"): Found
2019-03-07 22:25:41 DEBUG freemarker.cache      Loading template for "dashboard-view/dashboard-view.ftl"("en", UTF-8, parsed) from "jar:file:/C:/Users/Devdatt/.m2/repository/com/aventstack/extentreports/3.1.2/extentreports-3.1.2.jar!/com/aventstack/extentreports/view/html-report/dashboard-view/dashboard-view.ftl"
2019-03-07 22:25:41 DEBUG freemarker.cache      Couldn't find template in cache for "logs-view/testrunner-logs-view.ftl"("en", UTF-8, parsed); will try to load it.
2019-03-07 22:25:41 DEBUG freemarker.cache      TemplateLoader.findTemplateSource("logs-view/testrunner-logs-view_en.ftl"): Not found
2019-03-07 22:25:41 DEBUG freemarker.cache      TemplateLoader.findTemplateSource("logs-view/testrunner-logs-view.ftl"): Found
2019-03-07 22:25:41 DEBUG freemarker.cache      Loading template for "logs-view/testrunner-logs-view.ftl"("en", UTF-8, parsed) from "jar:file:/C:/Users/Devdatt/.m2/repository/com/aventstack/extentreports/3.1.2/extentreports-3.1.2.jar!/com/aventstack/extentreports/view/html-report/logs-view/testrunner-logs-view.ftl"
2019-03-07 22:43:23 INFO  ebanking              URL is opened
2019-03-07 22:43:23 INFO  ebanking              User Name is entered
2019-03-07 22:43:23 INFO  ebanking              password is entered
2019-03-07 22:43:31 DEBUG freemarker.cache      Couldn't find template in cache for "index.ftl"("en", UTF-8, parsed); will try to load it.
2019-03-07 22:43:31 DEBUG freemarker.cache      TemplateLoader.findTemplateSource("index_en.ftl"): Not found
2019-03-07 22:43:31 DEBUG freemarker.cache      TemplateLoader.findTemplateSource("index.ftl"): Found
2019-03-07 22:43:31 DEBUG freemarker.cache      Loading template for "index.ftl"("en", UTF-8, parsed) from "jar:file:/C:/Users/Devdatt/.m2/repository/com/aventstack/extentreports/3.1.2/extentreports-3.1.2.jar!/com/aventstack/extentreports/view/html-report/index.ftl"
2019-03-07 22:43:31 DEBUG freemarker.cache      Couldn't find template in cache for "head.ftl"("en", UTF-8, parsed); will try to load it.
2019-03-07 22:43:31 DEBUG freemarker.cache      TemplateLoader.findTemplateSource("head_en.ftl"): Not found
2019-03-07 22:43:31 DEBUG freemarker.cache      TemplateLoader.findTemplateSource("head.ftl"): Found
2019-03-07 22:43:31 DEBUG freemarker.cache      Loading template for "head.ftl"("en", UTF-8, parsed) from "jar:file:/C:/Users/Devdatt/.m2/repository/com/aventstack/extentreports/3.1.2/extentreports-3.1.2.jar!/com/aventstack/extentreports/view/html-report/head.ftl"
2019-03-07 22:43:31 DEBUG freemarker.cache      Couldn't find template in cache for "nav.ftl"("en", UTF-8, parsed); will try to load it.
2019-03-07 22:43:31 DEBUG freemarker.cache      TemplateLoader.findTemplateSource("nav_en.ftl"): Not found
2019-03-07 22:43:31 DEBUG freemarker.cache      TemplateLoader.findTemplateSource("nav.ftl"): Found
2019-03-07 22:43:31 DEBUG freemarker.cache      Loading template for "nav.ftl"("en", UTF-8, parsed) from "jar:file:/C:/Users/Devdatt/.m2/repository/com/aventstack/extentreports/3.1.2/extentreports-3.1.2.jar!/com/aventstack/extentreports/view/html-report/nav.ftl"
2019-03-07 22:43:31 DEBUG freemarker.cache      Couldn't find template in cache for "test-view/test-view.ftl"("en", UTF-8, parsed); will try to load it.
2019-03-07 22:43:31 DEBUG freemarker.cache      TemplateLoader.findTemplateSource("test-view/test-view_en.ftl"): Not found
2019-03-07 22:43:31 DEBUG freemarker.cache      TemplateLoader.findTemplateSource("test-view/test-view.ftl"): Found
2019-03-07 22:43:31 DEBUG freemarker.cache      Loading template for "test-view/test-view.ftl"("en", UTF-8, parsed) from "jar:file:/C:/Users/Devdatt/.m2/repository/com/aventstack/extentreports/3.1.2/extentreports-3.1.2.jar!/com/aventstack/extentreports/view/html-report/test-view/test-view.ftl"
2019-03-07 22:43:31 DEBUG freemarker.cache      Couldn't find template in cache for "test-view/test-view-charts.ftl"("en", UTF-8, parsed); will try to load it.
2019-03-07 22:43:31 DEBUG freemarker.cache      TemplateLoader.findTemplateSource("test-view/test-view-charts_en.ftl"): Not found
2019-03-07 22:43:31 DEBUG freemarker.cache      TemplateLoader.findTemplateSource("test-view/test-view-charts.ftl"): Found
2019-03-07 22:43:31 DEBUG freemarker.cache      Loading template for "test-view/test-view-charts.ftl"("en", UTF-8, parsed) from "jar:file:/C:/Users/Devdatt/.m2/repository/com/aventstack/extentreports/3.1.2/extentreports-3.1.2.jar!/com/aventstack/extentreports/view/html-report/test-view/test-view-charts.ftl"
2019-03-07 22:43:32 DEBUG freemarker.cache      Couldn't find template in cache for "test-view/standard.ftl"("en", UTF-8, parsed); will try to load it.
2019-03-07 22:43:32 DEBUG freemarker.cache      TemplateLoader.findTemplateSource("test-view/standard_en.ftl"): Not found
2019-03-07 22:43:32 DEBUG freemarker.cache      TemplateLoader.findTemplateSource("test-view/standard.ftl"): Found
2019-03-07 22:43:32 DEBUG freemarker.cache      Loading template for "test-view/standard.ftl"("en", UTF-8, parsed) from "jar:file:/C:/Users/Devdatt/.m2/repository/com/aventstack/extentreports/3.1.2/extentreports-3.1.2.jar!/com/aventstack/extentreports/view/html-report/test-view/standard.ftl"
2019-03-07 22:43:32 DEBUG freemarker.cache      Couldn't find template in cache for "category-view/category-view.ftl"("en", UTF-8, parsed); will try to load it.
2019-03-07 22:43:32 DEBUG freemarker.cache      TemplateLoader.findTemplateSource("category-view/category-view_en.ftl"): Not found
2019-03-07 22:43:32 DEBUG freemarker.cache      TemplateLoader.findTemplateSource("category-view/category-view.ftl"): Found
2019-03-07 22:43:32 DEBUG freemarker.cache      Loading template for "category-view/category-view.ftl"("en", UTF-8, parsed) from "jar:file:/C:/Users/Devdatt/.m2/repository/com/aventstack/extentreports/3.1.2/extentreports-3.1.2.jar!/com/aventstack/extentreports/view/html-report/category-view/category-view.ftl"
2019-03-07 22:43:32 DEBUG freemarker.cache      Couldn't find template in cache for "author-view/author-view.ftl"("en", UTF-8, parsed); will try to load it.
2019-03-07 22:43:32 DEBUG freemarker.cache      TemplateLoader.findTemplateSource("author-view/author-view_en.ftl"): Not found
2019-03-07 22:43:32 DEBUG freemarker.cache      TemplateLoader.findTemplateSource("author-view/author-view.ftl"): Found
2019-03-07 22:43:32 DEBUG freemarker.cache      Loading template for "author-view/author-view.ftl"("en", UTF-8, parsed) from "jar:file:/C:/Users/Devdatt/.m2/repository/com/aventstack/extentreports/3.1.2/extentreports-3.1.2.jar!/com/aventstack/extentreports/view/html-report/author-view/author-view.ftl"
2019-03-07 22:43:32 DEBUG freemarker.cache      Couldn't find template in cache for "exception-view/exception-view.ftl"("en", UTF-8, parsed); will try to load it.
2019-03-07 22:43:32 DEBUG freemarker.cache      TemplateLoader.findTemplateSource("exception-view/exception-view_en.ftl"): Not found
2019-03-07 22:43:32 DEBUG freemarker.cache      TemplateLoader.findTemplateSource("exception-view/exception-view.ftl"): Found
2019-03-07 22:43:32 DEBUG freemarker.cache      Loading template for "exception-view/exception-view.ftl"("en", UTF-8, parsed) from "jar:file:/C:/Users/Devdatt/.m2/repository/com/aventstack/extentreports/3.1.2/extentreports-3.1.2.jar!/com/aventstack/extentreports/view/html-report/exception-view/exception-view.ftl"
2019-03-07 22:43:32 DEBUG freemarker.cache      Couldn't find template in cache for "dashboard-view/dashboard-view.ftl"("en", UTF-8, parsed); will try to load it.
2019-03-07 22:43:32 DEBUG freemarker.cache      TemplateLoader.findTemplateSource("dashboard-view/dashboard-view_en.ftl"): Not found
2019-03-07 22:43:32 DEBUG freemarker.cache      TemplateLoader.findTemplateSource("dashboard-view/dashboard-view.ftl"): Found
2019-03-07 22:43:32 DEBUG freemarker.cache      Loading template for "dashboard-view/dashboard-view.ftl"("en", UTF-8, parsed) from "jar:file:/C:/Users/Devdatt/.m2/repository/com/aventstack/extentreports/3.1.2/extentreports-3.1.2.jar!/com/aventstack/extentreports/view/html-report/dashboard-view/dashboard-view.ftl"
2019-03-07 22:43:32 DEBUG freemarker.cache      Couldn't find template in cache for "logs-view/testrunner-logs-view.ftl"("en", UTF-8, parsed); will try to load it.
2019-03-07 22:43:32 DEBUG freemarker.cache      TemplateLoader.findTemplateSource("logs-view/testrunner-logs-view_en.ftl"): Not found
2019-03-07 22:43:32 DEBUG freemarker.cache      TemplateLoader.findTemplateSource("logs-view/testrunner-logs-view.ftl"): Found
2019-03-07 22:43:32 DEBUG freemarker.cache      Loading template for "logs-view/testrunner-logs-view.ftl"("en", UTF-8, parsed) from "jar:file:/C:/Users/Devdatt/.m2/repository/com/aventstack/extentreports/3.1.2/extentreports-3.1.2.jar!/com/aventstack/extentreports/view/html-report/logs-view/testrunner-logs-view.ftl"
2019-03-08 00:05:32 DEBUG freemarker.cache      Couldn't find template in cache for "index.ftl"("en", UTF-8, parsed); will try to load it.
2019-03-08 00:05:32 DEBUG freemarker.cache      TemplateLoader.findTemplateSource("index_en.ftl"): Not found
2019-03-08 00:05:32 DEBUG freemarker.cache      TemplateLoader.findTemplateSource("index.ftl"): Found
2019-03-08 00:05:32 DEBUG freemarker.cache      Loading template for "index.ftl"("en", UTF-8, parsed) from "jar:file:/C:/Users/Devdatt/.m2/repository/com/aventstack/extentreports/3.1.2/extentreports-3.1.2.jar!/com/aventstack/extentreports/view/html-report/index.ftl"
2019-03-08 00:05:32 DEBUG freemarker.cache      Couldn't find template in cache for "head.ftl"("en", UTF-8, parsed); will try to load it.
2019-03-08 00:05:32 DEBUG freemarker.cache      TemplateLoader.findTemplateSource("head_en.ftl"): Not found
2019-03-08 00:05:32 DEBUG freemarker.cache      TemplateLoader.findTemplateSource("head.ftl"): Found
2019-03-08 00:05:32 DEBUG freemarker.cache      Loading template for "head.ftl"("en", UTF-8, parsed) from "jar:file:/C:/Users/Devdatt/.m2/repository/com/aventstack/extentreports/3.1.2/extentreports-3.1.2.jar!/com/aventstack/extentreports/view/html-report/head.ftl"
2019-03-08 00:05:32 DEBUG freemarker.cache      Couldn't find template in cache for "nav.ftl"("en", UTF-8, parsed); will try to load it.
2019-03-08 00:05:32 DEBUG freemarker.cache      TemplateLoader.findTemplateSource("nav_en.ftl"): Not found
2019-03-08 00:05:32 DEBUG freemarker.cache      TemplateLoader.findTemplateSource("nav.ftl"): Found
2019-03-08 00:05:32 DEBUG freemarker.cache      Loading template for "nav.ftl"("en", UTF-8, parsed) from "jar:file:/C:/Users/Devdatt/.m2/repository/com/aventstack/extentreports/3.1.2/extentreports-3.1.2.jar!/com/aventstack/extentreports/view/html-report/nav.ftl"
2019-03-08 00:05:32 DEBUG freemarker.cache      Couldn't find template in cache for "test-view/test-view.ftl"("en", UTF-8, parsed); will try to load it.
2019-03-08 00:05:32 DEBUG freemarker.cache      TemplateLoader.findTemplateSource("test-view/test-view_en.ftl"): Not found
2019-03-08 00:05:32 DEBUG freemarker.cache      TemplateLoader.findTemplateSource("test-view/test-view.ftl"): Found
2019-03-08 00:05:32 DEBUG freemarker.cache      Loading template for "test-view/test-view.ftl"("en", UTF-8, parsed) from "jar:file:/C:/Users/Devdatt/.m2/repository/com/aventstack/extentreports/3.1.2/extentreports-3.1.2.jar!/com/aventstack/extentreports/view/html-report/test-view/test-view.ftl"
2019-03-08 00:05:32 DEBUG freemarker.cache      Couldn't find template in cache for "test-view/test-view-charts.ftl"("en", UTF-8, parsed); will try to load it.
2019-03-08 00:05:32 DEBUG freemarker.cache      TemplateLoader.findTemplateSource("test-view/test-view-charts_en.ftl"): Not found
2019-03-08 00:05:32 DEBUG freemarker.cache      TemplateLoader.findTemplateSource("test-view/test-view-charts.ftl"): Found
2019-03-08 00:05:32 DEBUG freemarker.cache      Loading template for "test-view/test-view-charts.ftl"("en", UTF-8, parsed) from "jar:file:/C:/Users/Devdatt/.m2/repository/com/aventstack/extentreports/3.1.2/extentreports-3.1.2.jar!/com/aventstack/extentreports/view/html-report/test-view/test-view-charts.ftl"
2019-03-08 00:05:32 DEBUG freemarker.cache      Couldn't find template in cache for "test-view/standard.ftl"("en", UTF-8, parsed); will try to load it.
2019-03-08 00:05:32 DEBUG freemarker.cache      TemplateLoader.findTemplateSource("test-view/standard_en.ftl"): Not found
2019-03-08 00:05:32 DEBUG freemarker.cache      TemplateLoader.findTemplateSource("test-view/standard.ftl"): Found
2019-03-08 00:05:32 DEBUG freemarker.cache      Loading template for "test-view/standard.ftl"("en", UTF-8, parsed) from "jar:file:/C:/Users/Devdatt/.m2/repository/com/aventstack/extentreports/3.1.2/extentreports-3.1.2.jar!/com/aventstack/extentreports/view/html-report/test-view/standard.ftl"
2019-03-08 00:05:32 DEBUG freemarker.cache      Couldn't find template in cache for "category-view/category-view.ftl"("en", UTF-8, parsed); will try to load it.
2019-03-08 00:05:32 DEBUG freemarker.cache      TemplateLoader.findTemplateSource("category-view/category-view_en.ftl"): Not found
2019-03-08 00:05:32 DEBUG freemarker.cache      TemplateLoader.findTemplateSource("category-view/category-view.ftl"): Found
2019-03-08 00:05:32 DEBUG freemarker.cache      Loading template for "category-view/category-view.ftl"("en", UTF-8, parsed) from "jar:file:/C:/Users/Devdatt/.m2/repository/com/aventstack/extentreports/3.1.2/extentreports-3.1.2.jar!/com/aventstack/extentreports/view/html-report/category-view/category-view.ftl"
2019-03-08 00:05:32 DEBUG freemarker.cache      Couldn't find template in cache for "author-view/author-view.ftl"("en", UTF-8, parsed); will try to load it.
2019-03-08 00:05:32 DEBUG freemarker.cache      TemplateLoader.findTemplateSource("author-view/author-view_en.ftl"): Not found
2019-03-08 00:05:32 DEBUG freemarker.cache      TemplateLoader.findTemplateSource("author-view/author-view.ftl"): Found
2019-03-08 00:05:32 DEBUG freemarker.cache      Loading template for "author-view/author-view.ftl"("en", UTF-8, parsed) from "jar:file:/C:/Users/Devdatt/.m2/repository/com/aventstack/extentreports/3.1.2/extentreports-3.1.2.jar!/com/aventstack/extentreports/view/html-report/author-view/author-view.ftl"
2019-03-08 00:05:32 DEBUG freemarker.cache      Couldn't find template in cache for "exception-view/exception-view.ftl"("en", UTF-8, parsed); will try to load it.
2019-03-08 00:05:32 DEBUG freemarker.cache      TemplateLoader.findTemplateSource("exception-view/exception-view_en.ftl"): Not found
2019-03-08 00:05:32 DEBUG freemarker.cache      TemplateLoader.findTemplateSource("exception-view/exception-view.ftl"): Found
2019-03-08 00:05:32 DEBUG freemarker.cache      Loading template for "exception-view/exception-view.ftl"("en", UTF-8, parsed) from "jar:file:/C:/Users/Devdatt/.m2/repository/com/aventstack/extentreports/3.1.2/extentreports-3.1.2.jar!/com/aventstack/extentreports/view/html-report/exception-view/exception-view.ftl"
2019-03-08 00:05:32 DEBUG freemarker.cache      Couldn't find template in cache for "dashboard-view/dashboard-view.ftl"("en", UTF-8, parsed); will try to load it.
2019-03-08 00:05:32 DEBUG freemarker.cache      TemplateLoader.findTemplateSource("dashboard-view/dashboard-view_en.ftl"): Not found
2019-03-08 00:05:32 DEBUG freemarker.cache      TemplateLoader.findTemplateSource("dashboard-view/dashboard-view.ftl"): Found
2019-03-08 00:05:32 DEBUG freemarker.cache      Loading template for "dashboard-view/dashboard-view.ftl"("en", UTF-8, parsed) from "jar:file:/C:/Users/Devdatt/.m2/repository/com/aventstack/extentreports/3.1.2/extentreports-3.1.2.jar!/com/aventstack/extentreports/view/html-report/dashboard-view/dashboard-view.ftl"
2019-03-08 00:05:32 DEBUG freemarker.cache      Couldn't find template in cache for "logs-view/testrunner-logs-view.ftl"("en", UTF-8, parsed); will try to load it.
2019-03-08 00:05:32 DEBUG freemarker.cache      TemplateLoader.findTemplateSource("logs-view/testrunner-logs-view_en.ftl"): Not found
2019-03-08 00:05:32 DEBUG freemarker.cache      TemplateLoader.findTemplateSource("logs-view/testrunner-logs-view.ftl"): Found
2019-03-08 00:05:32 DEBUG freemarker.cache      Loading template for "logs-view/testrunner-logs-view.ftl"("en", UTF-8, parsed) from "jar:file:/C:/Users/Devdatt/.m2/repository/com/aventstack/extentreports/3.1.2/extentreports-3.1.2.jar!/com/aventstack/extentreports/view/html-report/logs-view/testrunner-logs-view.ftl"
2019-03-08 00:11:27 DEBUG freemarker.cache      Couldn't find template in cache for "index.ftl"("en", UTF-8, parsed); will try to load it.
2019-03-08 00:11:27 DEBUG freemarker.cache      TemplateLoader.findTemplateSource("index_en.ftl"): Not found
2019-03-08 00:11:27 DEBUG freemarker.cache      TemplateLoader.findTemplateSource("index.ftl"): Found
2019-03-08 00:11:27 DEBUG freemarker.cache      Loading template for "index.ftl"("en", UTF-8, parsed) from "jar:file:/C:/Users/Devdatt/.m2/repository/com/aventstack/extentreports/3.1.2/extentreports-3.1.2.jar!/com/aventstack/extentreports/view/html-report/index.ftl"
2019-03-08 00:11:27 DEBUG freemarker.cache      Couldn't find template in cache for "head.ftl"("en", UTF-8, parsed); will try to load it.
2019-03-08 00:11:27 DEBUG freemarker.cache      TemplateLoader.findTemplateSource("head_en.ftl"): Not found
2019-03-08 00:11:27 DEBUG freemarker.cache      TemplateLoader.findTemplateSource("head.ftl"): Found
2019-03-08 00:11:27 DEBUG freemarker.cache      Loading template for "head.ftl"("en", UTF-8, parsed) from "jar:file:/C:/Users/Devdatt/.m2/repository/com/aventstack/extentreports/3.1.2/extentreports-3.1.2.jar!/com/aventstack/extentreports/view/html-report/head.ftl"
2019-03-08 00:11:27 DEBUG freemarker.cache      Couldn't find template in cache for "nav.ftl"("en", UTF-8, parsed); will try to load it.
2019-03-08 00:11:27 DEBUG freemarker.cache      TemplateLoader.findTemplateSource("nav_en.ftl"): Not found
2019-03-08 00:11:27 DEBUG freemarker.cache      TemplateLoader.findTemplateSource("nav.ftl"): Found
2019-03-08 00:11:27 DEBUG freemarker.cache      Loading template for "nav.ftl"("en", UTF-8, parsed) from "jar:file:/C:/Users/Devdatt/.m2/repository/com/aventstack/extentreports/3.1.2/extentreports-3.1.2.jar!/com/aventstack/extentreports/view/html-report/nav.ftl"
2019-03-08 00:11:27 DEBUG freemarker.cache      Couldn't find template in cache for "test-view/test-view.ftl"("en", UTF-8, parsed); will try to load it.
2019-03-08 00:11:27 DEBUG freemarker.cache      TemplateLoader.findTemplateSource("test-view/test-view_en.ftl"): Not found
2019-03-08 00:11:27 DEBUG freemarker.cache      TemplateLoader.findTemplateSource("test-view/test-view.ftl"): Found
2019-03-08 00:11:27 DEBUG freemarker.cache      Loading template for "test-view/test-view.ftl"("en", UTF-8, parsed) from "jar:file:/C:/Users/Devdatt/.m2/repository/com/aventstack/extentreports/3.1.2/extentreports-3.1.2.jar!/com/aventstack/extentreports/view/html-report/test-view/test-view.ftl"
2019-03-08 00:11:27 DEBUG freemarker.cache      Couldn't find template in cache for "test-view/test-view-charts.ftl"("en", UTF-8, parsed); will try to load it.
2019-03-08 00:11:27 DEBUG freemarker.cache      TemplateLoader.findTemplateSource("test-view/test-view-charts_en.ftl"): Not found
2019-03-08 00:11:27 DEBUG freemarker.cache      TemplateLoader.findTemplateSource("test-view/test-view-charts.ftl"): Found
2019-03-08 00:11:27 DEBUG freemarker.cache      Loading template for "test-view/test-view-charts.ftl"("en", UTF-8, parsed) from "jar:file:/C:/Users/Devdatt/.m2/repository/com/aventstack/extentreports/3.1.2/extentreports-3.1.2.jar!/com/aventstack/extentreports/view/html-report/test-view/test-view-charts.ftl"
2019-03-08 00:11:27 DEBUG freemarker.cache      Couldn't find template in cache for "test-view/standard.ftl"("en", UTF-8, parsed); will try to load it.
2019-03-08 00:11:27 DEBUG freemarker.cache      TemplateLoader.findTemplateSource("test-view/standard_en.ftl"): Not found
2019-03-08 00:11:27 DEBUG freemarker.cache      TemplateLoader.findTemplateSource("test-view/standard.ftl"): Found
2019-03-08 00:11:27 DEBUG freemarker.cache      Loading template for "test-view/standard.ftl"("en", UTF-8, parsed) from "jar:file:/C:/Users/Devdatt/.m2/repository/com/aventstack/extentreports/3.1.2/extentreports-3.1.2.jar!/com/aventstack/extentreports/view/html-report/test-view/standard.ftl"
2019-03-08 00:11:27 DEBUG freemarker.cache      Couldn't find template in cache for "category-view/category-view.ftl"("en", UTF-8, parsed); will try to load it.
2019-03-08 00:11:27 DEBUG freemarker.cache      TemplateLoader.findTemplateSource("category-view/category-view_en.ftl"): Not found
2019-03-08 00:11:27 DEBUG freemarker.cache      TemplateLoader.findTemplateSource("category-view/category-view.ftl"): Found
2019-03-08 00:11:27 DEBUG freemarker.cache      Loading template for "category-view/category-view.ftl"("en", UTF-8, parsed) from "jar:file:/C:/Users/Devdatt/.m2/repository/com/aventstack/extentreports/3.1.2/extentreports-3.1.2.jar!/com/aventstack/extentreports/view/html-report/category-view/category-view.ftl"
2019-03-08 00:11:27 DEBUG freemarker.cache      Couldn't find template in cache for "author-view/author-view.ftl"("en", UTF-8, parsed); will try to load it.
2019-03-08 00:11:27 DEBUG freemarker.cache      TemplateLoader.findTemplateSource("author-view/author-view_en.ftl"): Not found
2019-03-08 00:11:27 DEBUG freemarker.cache      TemplateLoader.findTemplateSource("author-view/author-view.ftl"): Found
2019-03-08 00:11:27 DEBUG freemarker.cache      Loading template for "author-view/author-view.ftl"("en", UTF-8, parsed) from "jar:file:/C:/Users/Devdatt/.m2/repository/com/aventstack/extentreports/3.1.2/extentreports-3.1.2.jar!/com/aventstack/extentreports/view/html-report/author-view/author-view.ftl"
2019-03-08 00:11:27 DEBUG freemarker.cache      Couldn't find template in cache for "exception-view/exception-view.ftl"("en", UTF-8, parsed); will try to load it.
2019-03-08 00:11:27 DEBUG freemarker.cache      TemplateLoader.findTemplateSource("exception-view/exception-view_en.ftl"): Not found
2019-03-08 00:11:27 DEBUG freemarker.cache      TemplateLoader.findTemplateSource("exception-view/exception-view.ftl"): Found
2019-03-08 00:11:27 DEBUG freemarker.cache      Loading template for "exception-view/exception-view.ftl"("en", UTF-8, parsed) from "jar:file:/C:/Users/Devdatt/.m2/repository/com/aventstack/extentreports/3.1.2/extentreports-3.1.2.jar!/com/aventstack/extentreports/view/html-report/exception-view/exception-view.ftl"
2019-03-08 00:11:27 DEBUG freemarker.cache      Couldn't find template in cache for "dashboard-view/dashboard-view.ftl"("en", UTF-8, parsed); will try to load it.
2019-03-08 00:11:27 DEBUG freemarker.cache      TemplateLoader.findTemplateSource("dashboard-view/dashboard-view_en.ftl"): Not found
2019-03-08 00:11:27 DEBUG freemarker.cache      TemplateLoader.findTemplateSource("dashboard-view/dashboard-view.ftl"): Found
2019-03-08 00:11:27 DEBUG freemarker.cache      Loading template for "dashboard-view/dashboard-view.ftl"("en", UTF-8, parsed) from "jar:file:/C:/Users/Devdatt/.m2/repository/com/aventstack/extentreports/3.1.2/extentreports-3.1.2.jar!/com/aventstack/extentreports/view/html-report/dashboard-view/dashboard-view.ftl"
2019-03-08 00:11:27 DEBUG freemarker.cache      Couldn't find template in cache for "logs-view/testrunner-logs-view.ftl"("en", UTF-8, parsed); will try to load it.
2019-03-08 00:11:27 DEBUG freemarker.cache      TemplateLoader.findTemplateSource("logs-view/testrunner-logs-view_en.ftl"): Not found
2019-03-08 00:11:27 DEBUG freemarker.cache      TemplateLoader.findTemplateSource("logs-view/testrunner-logs-view.ftl"): Found
2019-03-08 00:11:27 DEBUG freemarker.cache      Loading template for "logs-view/testrunner-logs-view.ftl"("en", UTF-8, parsed) from "jar:file:/C:/Users/Devdatt/.m2/repository/com/aventstack/extentreports/3.1.2/extentreports-3.1.2.jar!/com/aventstack/extentreports/view/html-report/logs-view/testrunner-logs-view.ftl"
2019-03-12 00:20:09 DEBUG freemarker.cache      Couldn't find template in cache for "index.ftl"("en", UTF-8, parsed); will try to load it.
2019-03-12 00:20:09 DEBUG freemarker.cache      TemplateLoader.findTemplateSource("index_en.ftl"): Not found
2019-03-12 00:20:09 DEBUG freemarker.cache      TemplateLoader.findTemplateSource("index.ftl"): Found
2019-03-12 00:20:09 DEBUG freemarker.cache      Loading template for "index.ftl"("en", UTF-8, parsed) from "jar:file:/C:/Users/Devdatt/.m2/repository/com/aventstack/extentreports/3.1.2/extentreports-3.1.2.jar!/com/aventstack/extentreports/view/html-report/index.ftl"
2019-03-12 00:20:09 DEBUG freemarker.cache      Couldn't find template in cache for "head.ftl"("en", UTF-8, parsed); will try to load it.
2019-03-12 00:20:09 DEBUG freemarker.cache      TemplateLoader.findTemplateSource("head_en.ftl"): Not found
2019-03-12 00:20:09 DEBUG freemarker.cache      TemplateLoader.findTemplateSource("head.ftl"): Found
2019-03-12 00:20:09 DEBUG freemarker.cache      Loading template for "head.ftl"("en", UTF-8, parsed) from "jar:file:/C:/Users/Devdatt/.m2/repository/com/aventstack/extentreports/3.1.2/extentreports-3.1.2.jar!/com/aventstack/extentreports/view/html-report/head.ftl"
2019-03-12 00:20:09 DEBUG freemarker.cache      Couldn't find template in cache for "nav.ftl"("en", UTF-8, parsed); will try to load it.
2019-03-12 00:20:09 DEBUG freemarker.cache      TemplateLoader.findTemplateSource("nav_en.ftl"): Not found
2019-03-12 00:20:09 DEBUG freemarker.cache      TemplateLoader.findTemplateSource("nav.ftl"): Found
2019-03-12 00:20:09 DEBUG freemarker.cache      Loading template for "nav.ftl"("en", UTF-8, parsed) from "jar:file:/C:/Users/Devdatt/.m2/repository/com/aventstack/extentreports/3.1.2/extentreports-3.1.2.jar!/com/aventstack/extentreports/view/html-report/nav.ftl"
2019-03-12 00:20:09 DEBUG freemarker.cache      Couldn't find template in cache for "test-view/test-view.ftl"("en", UTF-8, parsed); will try to load it.
2019-03-12 00:20:09 DEBUG freemarker.cache      TemplateLoader.findTemplateSource("test-view/test-view_en.ftl"): Not found
2019-03-12 00:20:09 DEBUG freemarker.cache      TemplateLoader.findTemplateSource("test-view/test-view.ftl"): Found
2019-03-12 00:20:09 DEBUG freemarker.cache      Loading template for "test-view/test-view.ftl"("en", UTF-8, parsed) from "jar:file:/C:/Users/Devdatt/.m2/repository/com/aventstack/extentreports/3.1.2/extentreports-3.1.2.jar!/com/aventstack/extentreports/view/html-report/test-view/test-view.ftl"
2019-03-12 00:20:09 DEBUG freemarker.cache      Couldn't find template in cache for "test-view/test-view-charts.ftl"("en", UTF-8, parsed); will try to load it.
2019-03-12 00:20:09 DEBUG freemarker.cache      TemplateLoader.findTemplateSource("test-view/test-view-charts_en.ftl"): Not found
2019-03-12 00:20:09 DEBUG freemarker.cache      TemplateLoader.findTemplateSource("test-view/test-view-charts.ftl"): Found
2019-03-12 00:20:09 DEBUG freemarker.cache      Loading template for "test-view/test-view-charts.ftl"("en", UTF-8, parsed) from "jar:file:/C:/Users/Devdatt/.m2/repository/com/aventstack/extentreports/3.1.2/extentreports-3.1.2.jar!/com/aventstack/extentreports/view/html-report/test-view/test-view-charts.ftl"
2019-03-12 00:20:09 DEBUG freemarker.cache      Couldn't find template in cache for "test-view/standard.ftl"("en", UTF-8, parsed); will try to load it.
2019-03-12 00:20:09 DEBUG freemarker.cache      TemplateLoader.findTemplateSource("test-view/standard_en.ftl"): Not found
2019-03-12 00:20:09 DEBUG freemarker.cache      TemplateLoader.findTemplateSource("test-view/standard.ftl"): Found
2019-03-12 00:20:09 DEBUG freemarker.cache      Loading template for "test-view/standard.ftl"("en", UTF-8, parsed) from "jar:file:/C:/Users/Devdatt/.m2/repository/com/aventstack/extentreports/3.1.2/extentreports-3.1.2.jar!/com/aventstack/extentreports/view/html-report/test-view/standard.ftl"
2019-03-12 00:20:09 DEBUG freemarker.cache      Couldn't find template in cache for "category-view/category-view.ftl"("en", UTF-8, parsed); will try to load it.
2019-03-12 00:20:09 DEBUG freemarker.cache      TemplateLoader.findTemplateSource("category-view/category-view_en.ftl"): Not found
2019-03-12 00:20:09 DEBUG freemarker.cache      TemplateLoader.findTemplateSource("category-view/category-view.ftl"): Found
2019-03-12 00:20:09 DEBUG freemarker.cache      Loading template for "category-view/category-view.ftl"("en", UTF-8, parsed) from "jar:file:/C:/Users/Devdatt/.m2/repository/com/aventstack/extentreports/3.1.2/extentreports-3.1.2.jar!/com/aventstack/extentreports/view/html-report/category-view/category-view.ftl"
2019-03-12 00:20:09 DEBUG freemarker.cache      Couldn't find template in cache for "author-view/author-view.ftl"("en", UTF-8, parsed); will try to load it.
2019-03-12 00:20:09 DEBUG freemarker.cache      TemplateLoader.findTemplateSource("author-view/author-view_en.ftl"): Not found
2019-03-12 00:20:09 DEBUG freemarker.cache      TemplateLoader.findTemplateSource("author-view/author-view.ftl"): Found
2019-03-12 00:20:09 DEBUG freemarker.cache      Loading template for "author-view/author-view.ftl"("en", UTF-8, parsed) from "jar:file:/C:/Users/Devdatt/.m2/repository/com/aventstack/extentreports/3.1.2/extentreports-3.1.2.jar!/com/aventstack/extentreports/view/html-report/author-view/author-view.ftl"
2019-03-12 00:20:09 DEBUG freemarker.cache      Couldn't find template in cache for "exception-view/exception-view.ftl"("en", UTF-8, parsed); will try to load it.
2019-03-12 00:20:09 DEBUG freemarker.cache      TemplateLoader.findTemplateSource("exception-view/exception-view_en.ftl"): Not found
2019-03-12 00:20:09 DEBUG freemarker.cache      TemplateLoader.findTemplateSource("exception-view/exception-view.ftl"): Found
2019-03-12 00:20:09 DEBUG freemarker.cache      Loading template for "exception-view/exception-view.ftl"("en", UTF-8, parsed) from "jar:file:/C:/Users/Devdatt/.m2/repository/com/aventstack/extentreports/3.1.2/extentreports-3.1.2.jar!/com/aventstack/extentreports/view/html-report/exception-view/exception-view.ftl"
2019-03-12 00:20:09 DEBUG freemarker.cache      Couldn't find template in cache for "dashboard-view/dashboard-view.ftl"("en", UTF-8, parsed); will try to load it.
2019-03-12 00:20:09 DEBUG freemarker.cache      TemplateLoader.findTemplateSource("dashboard-view/dashboard-view_en.ftl"): Not found
2019-03-12 00:20:09 DEBUG freemarker.cache      TemplateLoader.findTemplateSource("dashboard-view/dashboard-view.ftl"): Found
2019-03-12 00:20:09 DEBUG freemarker.cache      Loading template for "dashboard-view/dashboard-view.ftl"("en", UTF-8, parsed) from "jar:file:/C:/Users/Devdatt/.m2/repository/com/aventstack/extentreports/3.1.2/extentreports-3.1.2.jar!/com/aventstack/extentreports/view/html-report/dashboard-view/dashboard-view.ftl"
2019-03-12 00:20:09 DEBUG freemarker.cache      Couldn't find template in cache for "logs-view/testrunner-logs-view.ftl"("en", UTF-8, parsed); will try to load it.
2019-03-12 00:20:09 DEBUG freemarker.cache      TemplateLoader.findTemplateSource("logs-view/testrunner-logs-view_en.ftl"): Not found
2019-03-12 00:20:09 DEBUG freemarker.cache      TemplateLoader.findTemplateSource("logs-view/testrunner-logs-view.ftl"): Found
2019-03-12 00:20:09 DEBUG freemarker.cache      Loading template for "logs-view/testrunner-logs-view.ftl"("en", UTF-8, parsed) from "jar:file:/C:/Users/Devdatt/.m2/repository/com/aventstack/extentreports/3.1.2/extentreports-3.1.2.jar!/com/aventstack/extentreports/view/html-report/logs-view/testrunner-logs-view.ftl"
2019-03-12 23:23:02 INFO  ebanking              URL is opened
2019-03-12 23:23:04 INFO  ebanking              User Name is entered
2019-03-12 23:23:05 INFO  ebanking              password is entered
2019-03-12 23:23:52 DEBUG freemarker.cache      Couldn't find template in cache for "index.ftl"("en", UTF-8, parsed); will try to load it.
2019-03-12 23:23:52 DEBUG freemarker.cache      TemplateLoader.findTemplateSource("index_en.ftl"): Not found
2019-03-12 23:23:52 DEBUG freemarker.cache      TemplateLoader.findTemplateSource("index.ftl"): Found
2019-03-12 23:23:52 DEBUG freemarker.cache      Loading template for "index.ftl"("en", UTF-8, parsed) from "jar:file:/C:/Users/Devdatt/.m2/repository/com/aventstack/extentreports/3.1.2/extentreports-3.1.2.jar!/com/aventstack/extentreports/view/html-report/index.ftl"
2019-03-12 23:23:52 DEBUG freemarker.cache      Couldn't find template in cache for "head.ftl"("en", UTF-8, parsed); will try to load it.
2019-03-12 23:23:52 DEBUG freemarker.cache      TemplateLoader.findTemplateSource("head_en.ftl"): Not found
2019-03-12 23:23:52 DEBUG freemarker.cache      TemplateLoader.findTemplateSource("head.ftl"): Found
2019-03-12 23:23:52 DEBUG freemarker.cache      Loading template for "head.ftl"("en", UTF-8, parsed) from "jar:file:/C:/Users/Devdatt/.m2/repository/com/aventstack/extentreports/3.1.2/extentreports-3.1.2.jar!/com/aventstack/extentreports/view/html-report/head.ftl"
2019-03-12 23:23:52 DEBUG freemarker.cache      Couldn't find template in cache for "nav.ftl"("en", UTF-8, parsed); will try to load it.
2019-03-12 23:23:52 DEBUG freemarker.cache      TemplateLoader.findTemplateSource("nav_en.ftl"): Not found
2019-03-12 23:23:52 DEBUG freemarker.cache      TemplateLoader.findTemplateSource("nav.ftl"): Found
2019-03-12 23:23:52 DEBUG freemarker.cache      Loading template for "nav.ftl"("en", UTF-8, parsed) from "jar:file:/C:/Users/Devdatt/.m2/repository/com/aventstack/extentreports/3.1.2/extentreports-3.1.2.jar!/com/aventstack/extentreports/view/html-report/nav.ftl"
2019-03-12 23:23:52 DEBUG freemarker.cache      Couldn't find template in cache for "test-view/test-view.ftl"("en", UTF-8, parsed); will try to load it.
2019-03-12 23:23:52 DEBUG freemarker.cache      TemplateLoader.findTemplateSource("test-view/test-view_en.ftl"): Not found
2019-03-12 23:23:52 DEBUG freemarker.cache      TemplateLoader.findTemplateSource("test-view/test-view.ftl"): Found
2019-03-12 23:23:52 DEBUG freemarker.cache      Loading template for "test-view/test-view.ftl"("en", UTF-8, parsed) from "jar:file:/C:/Users/Devdatt/.m2/repository/com/aventstack/extentreports/3.1.2/extentreports-3.1.2.jar!/com/aventstack/extentreports/view/html-report/test-view/test-view.ftl"
2019-03-12 23:23:52 DEBUG freemarker.cache      Couldn't find template in cache for "test-view/test-view-charts.ftl"("en", UTF-8, parsed); will try to load it.
2019-03-12 23:23:52 DEBUG freemarker.cache      TemplateLoader.findTemplateSource("test-view/test-view-charts_en.ftl"): Not found
2019-03-12 23:23:52 DEBUG freemarker.cache      TemplateLoader.findTemplateSource("test-view/test-view-charts.ftl"): Found
2019-03-12 23:23:52 DEBUG freemarker.cache      Loading template for "test-view/test-view-charts.ftl"("en", UTF-8, parsed) from "jar:file:/C:/Users/Devdatt/.m2/repository/com/aventstack/extentreports/3.1.2/extentreports-3.1.2.jar!/com/aventstack/extentreports/view/html-report/test-view/test-view-charts.ftl"
2019-03-12 23:23:52 DEBUG freemarker.cache      Couldn't find template in cache for "test-view/standard.ftl"("en", UTF-8, parsed); will try to load it.
2019-03-12 23:23:52 DEBUG freemarker.cache      TemplateLoader.findTemplateSource("test-view/standard_en.ftl"): Not found
2019-03-12 23:23:52 DEBUG freemarker.cache      TemplateLoader.findTemplateSource("test-view/standard.ftl"): Found
2019-03-12 23:23:52 DEBUG freemarker.cache      Loading template for "test-view/standard.ftl"("en", UTF-8, parsed) from "jar:file:/C:/Users/Devdatt/.m2/repository/com/aventstack/extentreports/3.1.2/extentreports-3.1.2.jar!/com/aventstack/extentreports/view/html-report/test-view/standard.ftl"
2019-03-12 23:23:52 DEBUG freemarker.cache      "test-view/standard.ftl"("en", UTF-8, parsed) cached copy not yet stale; using cached.
2019-03-12 23:23:52 DEBUG freemarker.cache      "test-view/standard.ftl"("en", UTF-8, parsed) cached copy not yet stale; using cached.
2019-03-12 23:23:52 DEBUG freemarker.cache      Couldn't find template in cache for "category-view/category-view.ftl"("en", UTF-8, parsed); will try to load it.
2019-03-12 23:23:52 DEBUG freemarker.cache      TemplateLoader.findTemplateSource("category-view/category-view_en.ftl"): Not found
2019-03-12 23:23:52 DEBUG freemarker.cache      TemplateLoader.findTemplateSource("category-view/category-view.ftl"): Found
2019-03-12 23:23:52 DEBUG freemarker.cache      Loading template for "category-view/category-view.ftl"("en", UTF-8, parsed) from "jar:file:/C:/Users/Devdatt/.m2/repository/com/aventstack/extentreports/3.1.2/extentreports-3.1.2.jar!/com/aventstack/extentreports/view/html-report/category-view/category-view.ftl"
2019-03-12 23:23:53 DEBUG freemarker.cache      Couldn't find template in cache for "author-view/author-view.ftl"("en", UTF-8, parsed); will try to load it.
2019-03-12 23:23:53 DEBUG freemarker.cache      TemplateLoader.findTemplateSource("author-view/author-view_en.ftl"): Not found
2019-03-12 23:23:53 DEBUG freemarker.cache      TemplateLoader.findTemplateSource("author-view/author-view.ftl"): Found
2019-03-12 23:23:53 DEBUG freemarker.cache      Loading template for "author-view/author-view.ftl"("en", UTF-8, parsed) from "jar:file:/C:/Users/Devdatt/.m2/repository/com/aventstack/extentreports/3.1.2/extentreports-3.1.2.jar!/com/aventstack/extentreports/view/html-report/author-view/author-view.ftl"
2019-03-12 23:23:53 DEBUG freemarker.cache      Couldn't find template in cache for "exception-view/exception-view.ftl"("en", UTF-8, parsed); will try to load it.
2019-03-12 23:23:53 DEBUG freemarker.cache      TemplateLoader.findTemplateSource("exception-view/exception-view_en.ftl"): Not found
2019-03-12 23:23:53 DEBUG freemarker.cache      TemplateLoader.findTemplateSource("exception-view/exception-view.ftl"): Found
2019-03-12 23:23:53 DEBUG freemarker.cache      Loading template for "exception-view/exception-view.ftl"("en", UTF-8, parsed) from "jar:file:/C:/Users/Devdatt/.m2/repository/com/aventstack/extentreports/3.1.2/extentreports-3.1.2.jar!/com/aventstack/extentreports/view/html-report/exception-view/exception-view.ftl"
2019-03-12 23:23:53 DEBUG freemarker.cache      Couldn't find template in cache for "dashboard-view/dashboard-view.ftl"("en", UTF-8, parsed); will try to load it.
2019-03-12 23:23:53 DEBUG freemarker.cache      TemplateLoader.findTemplateSource("dashboard-view/dashboard-view_en.ftl"): Not found
2019-03-12 23:23:53 DEBUG freemarker.cache      TemplateLoader.findTemplateSource("dashboard-view/dashboard-view.ftl"): Found
2019-03-12 23:23:53 DEBUG freemarker.cache      Loading template for "dashboard-view/dashboard-view.ftl"("en", UTF-8, parsed) from "jar:file:/C:/Users/Devdatt/.m2/repository/com/aventstack/extentreports/3.1.2/extentreports-3.1.2.jar!/com/aventstack/extentreports/view/html-report/dashboard-view/dashboard-view.ftl"
2019-03-12 23:23:53 DEBUG freemarker.cache      Couldn't find template in cache for "logs-view/testrunner-logs-view.ftl"("en", UTF-8, parsed); will try to load it.
2019-03-12 23:23:53 DEBUG freemarker.cache      TemplateLoader.findTemplateSource("logs-view/testrunner-logs-view_en.ftl"): Not found
2019-03-12 23:23:53 DEBUG freemarker.cache      TemplateLoader.findTemplateSource("logs-view/testrunner-logs-view.ftl"): Found
2019-03-12 23:23:53 DEBUG freemarker.cache      Loading template for "logs-view/testrunner-logs-view.ftl"("en", UTF-8, parsed) from "jar:file:/C:/Users/Devdatt/.m2/repository/com/aventstack/extentreports/3.1.2/extentreports-3.1.2.jar!/com/aventstack/extentreports/view/html-report/logs-view/testrunner-logs-view.ftl"
2019-03-13 00:12:18 DEBUG freemarker.cache      Couldn't find template in cache for "index.ftl"("en", UTF-8, parsed); will try to load it.
2019-03-13 00:12:18 DEBUG freemarker.cache      TemplateLoader.findTemplateSource("index_en.ftl"): Not found
2019-03-13 00:12:18 DEBUG freemarker.cache      TemplateLoader.findTemplateSource("index.ftl"): Found
2019-03-13 00:12:18 DEBUG freemarker.cache      Loading template for "index.ftl"("en", UTF-8, parsed) from "jar:file:/C:/Users/Devdatt/.m2/repository/com/aventstack/extentreports/3.1.2/extentreports-3.1.2.jar!/com/aventstack/extentreports/view/html-report/index.ftl"
2019-03-13 00:12:18 DEBUG freemarker.cache      Couldn't find template in cache for "head.ftl"("en", UTF-8, parsed); will try to load it.
2019-03-13 00:12:18 DEBUG freemarker.cache      TemplateLoader.findTemplateSource("head_en.ftl"): Not found
2019-03-13 00:12:18 DEBUG freemarker.cache      TemplateLoader.findTemplateSource("head.ftl"): Found
2019-03-13 00:12:18 DEBUG freemarker.cache      Loading template for "head.ftl"("en", UTF-8, parsed) from "jar:file:/C:/Users/Devdatt/.m2/repository/com/aventstack/extentreports/3.1.2/extentreports-3.1.2.jar!/com/aventstack/extentreports/view/html-report/head.ftl"
2019-03-13 00:12:18 DEBUG freemarker.cache      Couldn't find template in cache for "nav.ftl"("en", UTF-8, parsed); will try to load it.
2019-03-13 00:12:18 DEBUG freemarker.cache      TemplateLoader.findTemplateSource("nav_en.ftl"): Not found
2019-03-13 00:12:18 DEBUG freemarker.cache      TemplateLoader.findTemplateSource("nav.ftl"): Found
2019-03-13 00:12:18 DEBUG freemarker.cache      Loading template for "nav.ftl"("en", UTF-8, parsed) from "jar:file:/C:/Users/Devdatt/.m2/repository/com/aventstack/extentreports/3.1.2/extentreports-3.1.2.jar!/com/aventstack/extentreports/view/html-report/nav.ftl"
2019-03-13 00:12:18 DEBUG freemarker.cache      Couldn't find template in cache for "test-view/test-view.ftl"("en", UTF-8, parsed); will try to load it.
2019-03-13 00:12:18 DEBUG freemarker.cache      TemplateLoader.findTemplateSource("test-view/test-view_en.ftl"): Not found
2019-03-13 00:12:18 DEBUG freemarker.cache      TemplateLoader.findTemplateSource("test-view/test-view.ftl"): Found
2019-03-13 00:12:18 DEBUG freemarker.cache      Loading template for "test-view/test-view.ftl"("en", UTF-8, parsed) from "jar:file:/C:/Users/Devdatt/.m2/repository/com/aventstack/extentreports/3.1.2/extentreports-3.1.2.jar!/com/aventstack/extentreports/view/html-report/test-view/test-view.ftl"
2019-03-13 00:12:18 DEBUG freemarker.cache      Couldn't find template in cache for "test-view/test-view-charts.ftl"("en", UTF-8, parsed); will try to load it.
2019-03-13 00:12:18 DEBUG freemarker.cache      TemplateLoader.findTemplateSource("test-view/test-view-charts_en.ftl"): Not found
2019-03-13 00:12:18 DEBUG freemarker.cache      TemplateLoader.findTemplateSource("test-view/test-view-charts.ftl"): Found
2019-03-13 00:12:18 DEBUG freemarker.cache      Loading template for "test-view/test-view-charts.ftl"("en", UTF-8, parsed) from "jar:file:/C:/Users/Devdatt/.m2/repository/com/aventstack/extentreports/3.1.2/extentreports-3.1.2.jar!/com/aventstack/extentreports/view/html-report/test-view/test-view-charts.ftl"
2019-03-13 00:12:18 DEBUG freemarker.cache      Couldn't find template in cache for "test-view/standard.ftl"("en", UTF-8, parsed); will try to load it.
2019-03-13 00:12:18 DEBUG freemarker.cache      TemplateLoader.findTemplateSource("test-view/standard_en.ftl"): Not found
2019-03-13 00:12:18 DEBUG freemarker.cache      TemplateLoader.findTemplateSource("test-view/standard.ftl"): Found
2019-03-13 00:12:18 DEBUG freemarker.cache      Loading template for "test-view/standard.ftl"("en", UTF-8, parsed) from "jar:file:/C:/Users/Devdatt/.m2/repository/com/aventstack/extentreports/3.1.2/extentreports-3.1.2.jar!/com/aventstack/extentreports/view/html-report/test-view/standard.ftl"
2019-03-13 00:12:18 DEBUG freemarker.cache      "test-view/standard.ftl"("en", UTF-8, parsed) cached copy not yet stale; using cached.
2019-03-13 00:12:18 DEBUG freemarker.cache      "test-view/standard.ftl"("en", UTF-8, parsed) cached copy not yet stale; using cached.
2019-03-13 00:12:18 DEBUG freemarker.cache      Couldn't find template in cache for "category-view/category-view.ftl"("en", UTF-8, parsed); will try to load it.
2019-03-13 00:12:18 DEBUG freemarker.cache      TemplateLoader.findTemplateSource("category-view/category-view_en.ftl"): Not found
2019-03-13 00:12:18 DEBUG freemarker.cache      TemplateLoader.findTemplateSource("category-view/category-view.ftl"): Found
2019-03-13 00:12:18 DEBUG freemarker.cache      Loading template for "category-view/category-view.ftl"("en", UTF-8, parsed) from "jar:file:/C:/Users/Devdatt/.m2/repository/com/aventstack/extentreports/3.1.2/extentreports-3.1.2.jar!/com/aventstack/extentreports/view/html-report/category-view/category-view.ftl"
2019-03-13 00:12:18 DEBUG freemarker.cache      Couldn't find template in cache for "author-view/author-view.ftl"("en", UTF-8, parsed); will try to load it.
2019-03-13 00:12:18 DEBUG freemarker.cache      TemplateLoader.findTemplateSource("author-view/author-view_en.ftl"): Not found
2019-03-13 00:12:18 DEBUG freemarker.cache      TemplateLoader.findTemplateSource("author-view/author-view.ftl"): Found
2019-03-13 00:12:18 DEBUG freemarker.cache      Loading template for "author-view/author-view.ftl"("en", UTF-8, parsed) from "jar:file:/C:/Users/Devdatt/.m2/repository/com/aventstack/extentreports/3.1.2/extentreports-3.1.2.jar!/com/aventstack/extentreports/view/html-report/author-view/author-view.ftl"
2019-03-13 00:12:18 DEBUG freemarker.cache      Couldn't find template in cache for "exception-view/exception-view.ftl"("en", UTF-8, parsed); will try to load it.
2019-03-13 00:12:18 DEBUG freemarker.cache      TemplateLoader.findTemplateSource("exception-view/exception-view_en.ftl"): Not found
2019-03-13 00:12:18 DEBUG freemarker.cache      TemplateLoader.findTemplateSource("exception-view/exception-view.ftl"): Found
2019-03-13 00:12:18 DEBUG freemarker.cache      Loading template for "exception-view/exception-view.ftl"("en", UTF-8, parsed) from "jar:file:/C:/Users/Devdatt/.m2/repository/com/aventstack/extentreports/3.1.2/extentreports-3.1.2.jar!/com/aventstack/extentreports/view/html-report/exception-view/exception-view.ftl"
2019-03-13 00:12:18 DEBUG freemarker.cache      Couldn't find template in cache for "dashboard-view/dashboard-view.ftl"("en", UTF-8, parsed); will try to load it.
2019-03-13 00:12:18 DEBUG freemarker.cache      TemplateLoader.findTemplateSource("dashboard-view/dashboard-view_en.ftl"): Not found
2019-03-13 00:12:18 DEBUG freemarker.cache      TemplateLoader.findTemplateSource("dashboard-view/dashboard-view.ftl"): Found
2019-03-13 00:12:18 DEBUG freemarker.cache      Loading template for "dashboard-view/dashboard-view.ftl"("en", UTF-8, parsed) from "jar:file:/C:/Users/Devdatt/.m2/repository/com/aventstack/extentreports/3.1.2/extentreports-3.1.2.jar!/com/aventstack/extentreports/view/html-report/dashboard-view/dashboard-view.ftl"
2019-03-13 00:12:18 DEBUG freemarker.cache      Couldn't find template in cache for "logs-view/testrunner-logs-view.ftl"("en", UTF-8, parsed); will try to load it.
2019-03-13 00:12:18 DEBUG freemarker.cache      TemplateLoader.findTemplateSource("logs-view/testrunner-logs-view_en.ftl"): Not found
2019-03-13 00:12:18 DEBUG freemarker.cache      TemplateLoader.findTemplateSource("logs-view/testrunner-logs-view.ftl"): Found
2019-03-13 00:12:18 DEBUG freemarker.cache      Loading template for "logs-view/testrunner-logs-view.ftl"("en", UTF-8, parsed) from "jar:file:/C:/Users/Devdatt/.m2/repository/com/aventstack/extentreports/3.1.2/extentreports-3.1.2.jar!/com/aventstack/extentreports/view/html-report/logs-view/testrunner-logs-view.ftl"
2019-03-13 00:13:39 INFO  ebanking              URL is opened
2019-03-13 00:13:40 INFO  ebanking              User Name is entered
2019-03-13 00:13:40 INFO  ebanking              password is entered
2019-03-13 00:14:35 DEBUG freemarker.cache      Couldn't find template in cache for "index.ftl"("en", UTF-8, parsed); will try to load it.
2019-03-13 00:14:35 DEBUG freemarker.cache      TemplateLoader.findTemplateSource("index_en.ftl"): Not found
2019-03-13 00:14:36 DEBUG freemarker.cache      TemplateLoader.findTemplateSource("index.ftl"): Found
2019-03-13 00:14:36 DEBUG freemarker.cache      Loading template for "index.ftl"("en", UTF-8, parsed) from "jar:file:/C:/Users/Devdatt/.m2/repository/com/aventstack/extentreports/3.1.2/extentreports-3.1.2.jar!/com/aventstack/extentreports/view/html-report/index.ftl"
2019-03-13 00:14:36 DEBUG freemarker.cache      Couldn't find template in cache for "head.ftl"("en", UTF-8, parsed); will try to load it.
2019-03-13 00:14:36 DEBUG freemarker.cache      TemplateLoader.findTemplateSource("head_en.ftl"): Not found
2019-03-13 00:14:36 DEBUG freemarker.cache      TemplateLoader.findTemplateSource("head.ftl"): Found
2019-03-13 00:14:36 DEBUG freemarker.cache      Loading template for "head.ftl"("en", UTF-8, parsed) from "jar:file:/C:/Users/Devdatt/.m2/repository/com/aventstack/extentreports/3.1.2/extentreports-3.1.2.jar!/com/aventstack/extentreports/view/html-report/head.ftl"
2019-03-13 00:14:36 DEBUG freemarker.cache      Couldn't find template in cache for "nav.ftl"("en", UTF-8, parsed); will try to load it.
2019-03-13 00:14:36 DEBUG freemarker.cache      TemplateLoader.findTemplateSource("nav_en.ftl"): Not found
2019-03-13 00:14:36 DEBUG freemarker.cache      TemplateLoader.findTemplateSource("nav.ftl"): Found
2019-03-13 00:14:36 DEBUG freemarker.cache      Loading template for "nav.ftl"("en", UTF-8, parsed) from "jar:file:/C:/Users/Devdatt/.m2/repository/com/aventstack/extentreports/3.1.2/extentreports-3.1.2.jar!/com/aventstack/extentreports/view/html-report/nav.ftl"
2019-03-13 00:14:36 DEBUG freemarker.cache      Couldn't find template in cache for "test-view/test-view.ftl"("en", UTF-8, parsed); will try to load it.
2019-03-13 00:14:36 DEBUG freemarker.cache      TemplateLoader.findTemplateSource("test-view/test-view_en.ftl"): Not found
2019-03-13 00:14:36 DEBUG freemarker.cache      TemplateLoader.findTemplateSource("test-view/test-view.ftl"): Found
2019-03-13 00:14:36 DEBUG freemarker.cache      Loading template for "test-view/test-view.ftl"("en", UTF-8, parsed) from "jar:file:/C:/Users/Devdatt/.m2/repository/com/aventstack/extentreports/3.1.2/extentreports-3.1.2.jar!/com/aventstack/extentreports/view/html-report/test-view/test-view.ftl"
2019-03-13 00:14:36 DEBUG freemarker.cache      Couldn't find template in cache for "test-view/test-view-charts.ftl"("en", UTF-8, parsed); will try to load it.
2019-03-13 00:14:36 DEBUG freemarker.cache      TemplateLoader.findTemplateSource("test-view/test-view-charts_en.ftl"): Not found
2019-03-13 00:14:36 DEBUG freemarker.cache      TemplateLoader.findTemplateSource("test-view/test-view-charts.ftl"): Found
2019-03-13 00:14:36 DEBUG freemarker.cache      Loading template for "test-view/test-view-charts.ftl"("en", UTF-8, parsed) from "jar:file:/C:/Users/Devdatt/.m2/repository/com/aventstack/extentreports/3.1.2/extentreports-3.1.2.jar!/com/aventstack/extentreports/view/html-report/test-view/test-view-charts.ftl"
2019-03-13 00:14:36 DEBUG freemarker.cache      Couldn't find template in cache for "test-view/standard.ftl"("en", UTF-8, parsed); will try to load it.
2019-03-13 00:14:36 DEBUG freemarker.cache      TemplateLoader.findTemplateSource("test-view/standard_en.ftl"): Not found
2019-03-13 00:14:36 DEBUG freemarker.cache      TemplateLoader.findTemplateSource("test-view/standard.ftl"): Found
2019-03-13 00:14:36 DEBUG freemarker.cache      Loading template for "test-view/standard.ftl"("en", UTF-8, parsed) from "jar:file:/C:/Users/Devdatt/.m2/repository/com/aventstack/extentreports/3.1.2/extentreports-3.1.2.jar!/com/aventstack/extentreports/view/html-report/test-view/standard.ftl"
2019-03-13 00:14:36 DEBUG freemarker.cache      "test-view/standard.ftl"("en", UTF-8, parsed) cached copy not yet stale; using cached.
2019-03-13 00:14:36 DEBUG freemarker.cache      "test-view/standard.ftl"("en", UTF-8, parsed) cached copy not yet stale; using cached.
2019-03-13 00:14:36 DEBUG freemarker.cache      Couldn't find template in cache for "category-view/category-view.ftl"("en", UTF-8, parsed); will try to load it.
2019-03-13 00:14:36 DEBUG freemarker.cache      TemplateLoader.findTemplateSource("category-view/category-view_en.ftl"): Not found
2019-03-13 00:14:36 DEBUG freemarker.cache      TemplateLoader.findTemplateSource("category-view/category-view.ftl"): Found
2019-03-13 00:14:36 DEBUG freemarker.cache      Loading template for "category-view/category-view.ftl"("en", UTF-8, parsed) from "jar:file:/C:/Users/Devdatt/.m2/repository/com/aventstack/extentreports/3.1.2/extentreports-3.1.2.jar!/com/aventstack/extentreports/view/html-report/category-view/category-view.ftl"
2019-03-13 00:14:36 DEBUG freemarker.cache      Couldn't find template in cache for "author-view/author-view.ftl"("en", UTF-8, parsed); will try to load it.
2019-03-13 00:14:36 DEBUG freemarker.cache      TemplateLoader.findTemplateSource("author-view/author-view_en.ftl"): Not found
2019-03-13 00:14:36 DEBUG freemarker.cache      TemplateLoader.findTemplateSource("author-view/author-view.ftl"): Found
2019-03-13 00:14:36 DEBUG freemarker.cache      Loading template for "author-view/author-view.ftl"("en", UTF-8, parsed) from "jar:file:/C:/Users/Devdatt/.m2/repository/com/aventstack/extentreports/3.1.2/extentreports-3.1.2.jar!/com/aventstack/extentreports/view/html-report/author-view/author-view.ftl"
2019-03-13 00:14:36 DEBUG freemarker.cache      Couldn't find template in cache for "exception-view/exception-view.ftl"("en", UTF-8, parsed); will try to load it.
2019-03-13 00:14:36 DEBUG freemarker.cache      TemplateLoader.findTemplateSource("exception-view/exception-view_en.ftl"): Not found
2019-03-13 00:14:36 DEBUG freemarker.cache      TemplateLoader.findTemplateSource("exception-view/exception-view.ftl"): Found
2019-03-13 00:14:36 DEBUG freemarker.cache      Loading template for "exception-view/exception-view.ftl"("en", UTF-8, parsed) from "jar:file:/C:/Users/Devdatt/.m2/repository/com/aventstack/extentreports/3.1.2/extentreports-3.1.2.jar!/com/aventstack/extentreports/view/html-report/exception-view/exception-view.ftl"
2019-03-13 00:14:36 DEBUG freemarker.cache      Couldn't find template in cache for "dashboard-view/dashboard-view.ftl"("en", UTF-8, parsed); will try to load it.
2019-03-13 00:14:36 DEBUG freemarker.cache      TemplateLoader.findTemplateSource("dashboard-view/dashboard-view_en.ftl"): Not found
2019-03-13 00:14:36 DEBUG freemarker.cache      TemplateLoader.findTemplateSource("dashboard-view/dashboard-view.ftl"): Found
2019-03-13 00:14:36 DEBUG freemarker.cache      Loading template for "dashboard-view/dashboard-view.ftl"("en", UTF-8, parsed) from "jar:file:/C:/Users/Devdatt/.m2/repository/com/aventstack/extentreports/3.1.2/extentreports-3.1.2.jar!/com/aventstack/extentreports/view/html-report/dashboard-view/dashboard-view.ftl"
2019-03-13 00:14:36 DEBUG freemarker.cache      Couldn't find template in cache for "logs-view/testrunner-logs-view.ftl"("en", UTF-8, parsed); will try to load it.
2019-03-13 00:14:36 DEBUG freemarker.cache      TemplateLoader.findTemplateSource("logs-view/testrunner-logs-view_en.ftl"): Not found
2019-03-13 00:14:36 DEBUG freemarker.cache      TemplateLoader.findTemplateSource("logs-view/testrunner-logs-view.ftl"): Found
2019-03-13 00:14:36 DEBUG freemarker.cache      Loading template for "logs-view/testrunner-logs-view.ftl"("en", UTF-8, parsed) from "jar:file:/C:/Users/Devdatt/.m2/repository/com/aventstack/extentreports/3.1.2/extentreports-3.1.2.jar!/com/aventstack/extentreports/view/html-report/logs-view/testrunner-logs-view.ftl"
